<?xml version="1.0" encoding="UTF-8"?>
<!-- Generated by org.testng.reporters.JUnitReportReporter -->
<testsuite hostname="Tomara" failures="0" tests="1" name="testCases.TC002_LoginTest" time="5.391" errors="0" timestamp="2025-06-03T11:23:50 IST" skipped="0">
  <testcase classname="testCases.TC002_LoginTest" name="verify_login" time="5.391"/>
</testsuite> <!-- testCases.TC002_LoginTest -->
