<?xml version="1.0" encoding="UTF-8"?>
<!-- Generated by org.testng.reporters.JUnitReportReporter -->
<testsuite hostname="Tomara" failures="0" tests="1" name="testCases.TC001_AccontRegistrationTest" time="2.581" errors="0" timestamp="2025-06-03T14:20:54 IST" skipped="0">
  <testcase classname="testCases.TC001_AccontRegistrationTest" name="verify_account_registration" time="2.581"/>
</testsuite> <!-- testCases.TC001_AccontRegistrationTest -->
